Arguments: 
  C:\Program Files\nodejs\node.exe C:\Users\joris\AppData\Roaming\npm\node_modules\yarn\bin\yarn.js init

PATH: 
  C:\Users\joris\.windows-build-tools\python27\;C:\Users\joris\.windows-build-tools\python27\Scripts;C:\WINDOWS\system32;C:\WINDOWS;C:\WINDOWS\System32\Wbem;C:\WINDOWS\System32\WindowsPowerShell\v1.0\;C:\Program Files\Microsoft SQL Server\130\Tools\Binn\;C:\Dev\wamp64\bin\php\php7.0.4;C:\Program Files\MongoDB\Server\3.4\bin;C:\Program Files (x86)\NVIDIA Corporation\PhysX\Common;C:\WINDOWS\system32;C:\WINDOWS;C:\WINDOWS\System32\Wbem;C:\WINDOWS\System32\WindowsPowerShell\v1.0\;C:\ProgramData\chocolatey\bin;C:\Program Files\dotnet\;C:\Program Files\Microsoft VS Code\bin;C:\WINDOWS\System32\OpenSSH\;C:\Program Files\Microsoft Network Monitor 3\;C:\Program Files\Git\cmd;C:\Program Files\Intel\WiFi\bin\;C:\Program Files\Common Files\Intel\WirelessCommon\;C:\Program Files (x86)\Intel\Intel(R) Management Engine Components\DAL;C:\Program Files\Intel\Intel(R) Management Engine Components\DAL;C:\Program Files\nodejs\;C:\Users\joris\.cargo\bin;C:\Program Files\texlive\2016\bin\win32;C:\Program Files\Java\jdk1.8.0_101\bin;C:\Program Files\Tools;C:\Users\joris\AppData\Local\Microsoft\WindowsApps;C:\Program Files (x86)\Nmap;C:\Program Files (x86)\PuTTY;C:\Program Files (x86)\cwRsync\bin;C:\Dev\Android\sdk\platform-tools;C:\Program Files (x86)\ffmpeg\bin;C:\Program Files\MongoDB\Server\3.4\bin;C:\Users\joris\AppData\Local\atom\bin;C:\Users\joris\AppData\Local\Programs\Fiddler;C:\dev\opencv\build\x64\vc14\bin;C:\dev\opencv\build\x64\vc14\lib;C:\dev\opencv\build\x64\vc14\staticlib;C:\Program Files (x86)\PlantUML;C:\Program Files\Microsoft VS Code\bin;C:\MinGW\bin;C:\Users\joris\AppData\Local\Microsoft\WindowsApps;C:\Program Files\OpenSSL-Win64\bin;C:\Program Files\CMake\bin;C:\Dev\android-platform-tools;C:\Program Files\Intel\WiFi\bin\;C:\Program Files\Common Files\Intel\WirelessCommon\;C:\dev\flutter\bin;C:\Users\joris\AppData\Local\Yarn\bin;C:\Dev\php-7.4.3-Win32-vc15-x64;C:\Users\joris\AppData\Local\ComposerSetup\bin;C:\Users\joris\AppData\Roaming\Composer\vendor\bin;C:\Users\joris\AppData\Roaming\npm

Yarn version: 
  1.12.3

Node version: 
  12.18.2

Platform: 
  win32 x64

Trace: 
  Error: canceled
      at Interface.<anonymous> (C:\Users\joris\AppData\Roaming\npm\node_modules\yarn\lib\cli.js:125278:13)
      at Interface.emit (events.js:315:20)
      at Interface._ttyWrite (readline.js:866:16)
      at ReadStream.onkeypress (readline.js:205:10)
      at ReadStream.emit (events.js:315:20)
      at emitKeys (internal/readline/utils.js:335:14)
      at emitKeys.next (<anonymous>)
      at ReadStream.onData (readline.js:1133:36)
      at ReadStream.emit (events.js:315:20)
      at addChunk (_stream_readable.js:295:12)

npm manifest: 
  {
    "name": "POEditor",
    "version": "0.0.1",
    "description": "POEditor API for Node.js",
    "main": "index.js",
    "license": "MIT"
  }

yarn manifest: 
  No manifest

Lockfile: 
  # THIS IS AN AUTOGENERATED FILE. DO NOT EDIT THIS FILE DIRECTLY.
  # yarn lockfile v1
